Start testing: Apr 24 15:25 UTC
----------------------------------------------------------
1/16 Testing: PageTest.BasicSetup
1/16 Test: PageTest.BasicSetup
Command: "/home/isaac/database-internals/build/storage_tests" "--gtest_filter=PageTest.BasicSetup" "--gtest_also_run_disabled_tests"
Directory: /home/isaac/database-internals/build
"PageTest.BasicSetup" start time: Apr 24 15:25 UTC
Output:
----------------------------------------------------------
Running main() from /home/isaac/database-internals/build/_deps/googletest-src/googletest/src/gtest_main.cc
Note: Google Test filter = PageTest.BasicSetup
[==========] Running 1 test from 1 test suite.
[----------] Global test environment set-up.
[----------] 1 test from PageTest
[ RUN      ] PageTest.BasicSetup
[       OK ] PageTest.BasicSetup (0 ms)
[----------] 1 test from PageTest (0 ms total)

[----------] Global test environment tear-down
[==========] 1 test from 1 test suite ran. (0 ms total)
[  PASSED  ] 1 test.
<end of output>
Test time =   0.00 sec
----------------------------------------------------------
Test Passed.
"PageTest.BasicSetup" end time: Apr 24 15:25 UTC
"PageTest.BasicSetup" time elapsed: 00:00:00
----------------------------------------------------------

2/16 Testing: PageTest.InitialState
2/16 Test: PageTest.InitialState
Command: "/home/isaac/database-internals/build/storage_tests" "--gtest_filter=PageTest.InitialState" "--gtest_also_run_disabled_tests"
Directory: /home/isaac/database-internals/build
"PageTest.InitialState" start time: Apr 24 15:25 UTC
Output:
----------------------------------------------------------
Running main() from /home/isaac/database-internals/build/_deps/googletest-src/googletest/src/gtest_main.cc
Note: Google Test filter = PageTest.InitialState
[==========] Running 1 test from 1 test suite.
[----------] Global test environment set-up.
[----------] 1 test from PageTest
[ RUN      ] PageTest.InitialState
[       OK ] PageTest.InitialState (0 ms)
[----------] 1 test from PageTest (0 ms total)

[----------] Global test environment tear-down
[==========] 1 test from 1 test suite ran. (0 ms total)
[  PASSED  ] 1 test.
<end of output>
Test time =   0.00 sec
----------------------------------------------------------
Test Passed.
"PageTest.InitialState" end time: Apr 24 15:25 UTC
"PageTest.InitialState" time elapsed: 00:00:00
----------------------------------------------------------

3/16 Testing: PageTest.DataBufferAccess
3/16 Test: PageTest.DataBufferAccess
Command: "/home/isaac/database-internals/build/storage_tests" "--gtest_filter=PageTest.DataBufferAccess" "--gtest_also_run_disabled_tests"
Directory: /home/isaac/database-internals/build
"PageTest.DataBufferAccess" start time: Apr 24 15:25 UTC
Output:
----------------------------------------------------------
Running main() from /home/isaac/database-internals/build/_deps/googletest-src/googletest/src/gtest_main.cc
Note: Google Test filter = PageTest.DataBufferAccess
[==========] Running 1 test from 1 test suite.
[----------] Global test environment set-up.
[----------] 1 test from PageTest
[ RUN      ] PageTest.DataBufferAccess
[       OK ] PageTest.DataBufferAccess (0 ms)
[----------] 1 test from PageTest (0 ms total)

[----------] Global test environment tear-down
[==========] 1 test from 1 test suite ran. (0 ms total)
[  PASSED  ] 1 test.
<end of output>
Test time =   0.00 sec
----------------------------------------------------------
Test Passed.
"PageTest.DataBufferAccess" end time: Apr 24 15:25 UTC
"PageTest.DataBufferAccess" time elapsed: 00:00:00
----------------------------------------------------------

4/16 Testing: PageTest.SettersAndGetters
4/16 Test: PageTest.SettersAndGetters
Command: "/home/isaac/database-internals/build/storage_tests" "--gtest_filter=PageTest.SettersAndGetters" "--gtest_also_run_disabled_tests"
Directory: /home/isaac/database-internals/build
"PageTest.SettersAndGetters" start time: Apr 24 15:25 UTC
Output:
----------------------------------------------------------
Running main() from /home/isaac/database-internals/build/_deps/googletest-src/googletest/src/gtest_main.cc
Note: Google Test filter = PageTest.SettersAndGetters
[==========] Running 1 test from 1 test suite.
[----------] Global test environment set-up.
[----------] 1 test from PageTest
[ RUN      ] PageTest.SettersAndGetters
[       OK ] PageTest.SettersAndGetters (0 ms)
[----------] 1 test from PageTest (0 ms total)

[----------] Global test environment tear-down
[==========] 1 test from 1 test suite ran. (0 ms total)
[  PASSED  ] 1 test.
<end of output>
Test time =   0.00 sec
----------------------------------------------------------
Test Passed.
"PageTest.SettersAndGetters" end time: Apr 24 15:25 UTC
"PageTest.SettersAndGetters" time elapsed: 00:00:00
----------------------------------------------------------

5/16 Testing: PageTest.ResetTest
5/16 Test: PageTest.ResetTest
Command: "/home/isaac/database-internals/build/storage_tests" "--gtest_filter=PageTest.ResetTest" "--gtest_also_run_disabled_tests"
Directory: /home/isaac/database-internals/build
"PageTest.ResetTest" start time: Apr 24 15:25 UTC
Output:
----------------------------------------------------------
Running main() from /home/isaac/database-internals/build/_deps/googletest-src/googletest/src/gtest_main.cc
Note: Google Test filter = PageTest.ResetTest
[==========] Running 1 test from 1 test suite.
[----------] Global test environment set-up.
[----------] 1 test from PageTest
[ RUN      ] PageTest.ResetTest
[       OK ] PageTest.ResetTest (0 ms)
[----------] 1 test from PageTest (0 ms total)

[----------] Global test environment tear-down
[==========] 1 test from 1 test suite ran. (0 ms total)
[  PASSED  ] 1 test.
<end of output>
Test time =   0.00 sec
----------------------------------------------------------
Test Passed.
"PageTest.ResetTest" end time: Apr 24 15:25 UTC
"PageTest.ResetTest" time elapsed: 00:00:00
----------------------------------------------------------

6/16 Testing: SlottedPageTest.InitializationTest
6/16 Test: SlottedPageTest.InitializationTest
Command: "/home/isaac/database-internals/build/storage_tests" "--gtest_filter=SlottedPageTest.InitializationTest" "--gtest_also_run_disabled_tests"
Directory: /home/isaac/database-internals/build
"SlottedPageTest.InitializationTest" start time: Apr 24 15:25 UTC
Output:
----------------------------------------------------------
Running main() from /home/isaac/database-internals/build/_deps/googletest-src/googletest/src/gtest_main.cc
Note: Google Test filter = SlottedPageTest.InitializationTest
[==========] Running 1 test from 1 test suite.
[----------] Global test environment set-up.
[----------] 1 test from SlottedPageTest
[ RUN      ] SlottedPageTest.InitializationTest
[       OK ] SlottedPageTest.InitializationTest (0 ms)
[----------] 1 test from SlottedPageTest (0 ms total)

[----------] Global test environment tear-down
[==========] 1 test from 1 test suite ran. (0 ms total)
[  PASSED  ] 1 test.
<end of output>
Test time =   0.00 sec
----------------------------------------------------------
Test Passed.
"SlottedPageTest.InitializationTest" end time: Apr 24 15:25 UTC
"SlottedPageTest.InitializationTest" time elapsed: 00:00:00
----------------------------------------------------------

7/16 Testing: SlottedPageTest.InsertAndGetTest
7/16 Test: SlottedPageTest.InsertAndGetTest
Command: "/home/isaac/database-internals/build/storage_tests" "--gtest_filter=SlottedPageTest.InsertAndGetTest" "--gtest_also_run_disabled_tests"
Directory: /home/isaac/database-internals/build
"SlottedPageTest.InsertAndGetTest" start time: Apr 24 15:25 UTC
Output:
----------------------------------------------------------
Running main() from /home/isaac/database-internals/build/_deps/googletest-src/googletest/src/gtest_main.cc
Note: Google Test filter = SlottedPageTest.InsertAndGetTest
[==========] Running 1 test from 1 test suite.
[----------] Global test environment set-up.
[----------] 1 test from SlottedPageTest
[ RUN      ] SlottedPageTest.InsertAndGetTest
Attempting to fetch slot_ptr w/ id: 0 returning 0xbed45c810060
Fetched slot as: 0xbed45c810060 with attributes... (offset=4080,size=16
Fetched slot as: 0xbed45c810060 with attributes... (offset=4080,size=16
Attempting to fetch slot_ptr w/ id: 1 returning 0xbed45c810064
Fetched slot as: 0xbed45c810060 with attributes... (offset=4080,size=16
Fetched slot as: 0xbed45c810064 with attributes... (offset=4057,size=23
[       OK ] SlottedPageTest.InsertAndGetTest (0 ms)
[----------] 1 test from SlottedPageTest (0 ms total)

[----------] Global test environment tear-down
[==========] 1 test from 1 test suite ran. (0 ms total)
[  PASSED  ] 1 test.
<end of output>
Test time =   0.00 sec
----------------------------------------------------------
Test Passed.
"SlottedPageTest.InsertAndGetTest" end time: Apr 24 15:25 UTC
"SlottedPageTest.InsertAndGetTest" time elapsed: 00:00:00
----------------------------------------------------------

8/16 Testing: SlottedPageTest.DeleteRecordTest
8/16 Test: SlottedPageTest.DeleteRecordTest
Command: "/home/isaac/database-internals/build/storage_tests" "--gtest_filter=SlottedPageTest.DeleteRecordTest" "--gtest_also_run_disabled_tests"
Directory: /home/isaac/database-internals/build
"SlottedPageTest.DeleteRecordTest" start time: Apr 24 15:25 UTC
Output:
----------------------------------------------------------
Running main() from /home/isaac/database-internals/build/_deps/googletest-src/googletest/src/gtest_main.cc
Note: Google Test filter = SlottedPageTest.DeleteRecordTest
[==========] Running 1 test from 1 test suite.
[----------] Global test environment set-up.
[----------] 1 test from SlottedPageTest
[ RUN      ] SlottedPageTest.DeleteRecordTest
Attempting to fetch slot_ptr w/ id: 0 returning 0xc0a07c3bb060
Fetched slot as: 0xc0a07c3bb060 with attributes... (offset=0,size=9
[       OK ] SlottedPageTest.DeleteRecordTest (0 ms)
[----------] 1 test from SlottedPageTest (0 ms total)

[----------] Global test environment tear-down
[==========] 1 test from 1 test suite ran. (0 ms total)
[  PASSED  ] 1 test.
<end of output>
Test time =   0.00 sec
----------------------------------------------------------
Test Passed.
"SlottedPageTest.DeleteRecordTest" end time: Apr 24 15:25 UTC
"SlottedPageTest.DeleteRecordTest" time elapsed: 00:00:00
----------------------------------------------------------

9/16 Testing: SlottedPageTest.UpdateRecordTest
9/16 Test: SlottedPageTest.UpdateRecordTest
Command: "/home/isaac/database-internals/build/storage_tests" "--gtest_filter=SlottedPageTest.UpdateRecordTest" "--gtest_also_run_disabled_tests"
Directory: /home/isaac/database-internals/build
"SlottedPageTest.UpdateRecordTest" start time: Apr 24 15:25 UTC
Output:
----------------------------------------------------------
Running main() from /home/isaac/database-internals/build/_deps/googletest-src/googletest/src/gtest_main.cc
Note: Google Test filter = SlottedPageTest.UpdateRecordTest
[==========] Running 1 test from 1 test suite.
[----------] Global test environment set-up.
[----------] 1 test from SlottedPageTest
[ RUN      ] SlottedPageTest.UpdateRecordTest
Attempting to fetch slot_ptr w/ id: 0 returning 0xc67a7a17b060
Fetched slot as: 0xc67a7a17b060 with attributes... (offset=4088,size=8
[       OK ] SlottedPageTest.UpdateRecordTest (0 ms)
[----------] 1 test from SlottedPageTest (0 ms total)

[----------] Global test environment tear-down
[==========] 1 test from 1 test suite ran. (0 ms total)
[  PASSED  ] 1 test.
<end of output>
Test time =   0.00 sec
----------------------------------------------------------
Test Passed.
"SlottedPageTest.UpdateRecordTest" end time: Apr 24 15:25 UTC
"SlottedPageTest.UpdateRecordTest" time elapsed: 00:00:00
----------------------------------------------------------

10/16 Testing: SlottedPageTest.CompactionTest
10/16 Test: SlottedPageTest.CompactionTest
Command: "/home/isaac/database-internals/build/storage_tests" "--gtest_filter=SlottedPageTest.CompactionTest" "--gtest_also_run_disabled_tests"
Directory: /home/isaac/database-internals/build
"SlottedPageTest.CompactionTest" start time: Apr 24 15:25 UTC
Output:
----------------------------------------------------------
Running main() from /home/isaac/database-internals/build/_deps/googletest-src/googletest/src/gtest_main.cc
Note: Google Test filter = SlottedPageTest.CompactionTest
[==========] Running 1 test from 1 test suite.
[----------] Global test environment set-up.
[----------] 1 test from SlottedPageTest
[ RUN      ] SlottedPageTest.CompactionTest
Attempting to fetch slot_ptr w/ id: 0 returning 0xb6fb54f86060
Fetched slot as: 0xb6fb54f86060 with attributes... (offset=4085,size=11
Fetched slot as: 0xb6fb54f86060 with attributes... (offset=4085,size=11
Attempting to fetch slot_ptr w/ id: 1 returning 0xb6fb54f86064
Fetched slot as: 0xb6fb54f86060 with attributes... (offset=4085,size=11
Fetched slot as: 0xb6fb54f86064 with attributes... (offset=4062,size=23
Fetched slot as: 0xb6fb54f86060 with attributes... (offset=4085,size=11
Fetched slot as: 0xb6fb54f86064 with attributes... (offset=4062,size=23
Attempting to fetch slot_ptr w/ id: 2 returning 0xb6fb54f86068
Fetched slot as: 0xb6fb54f86060 with attributes... (offset=4085,size=11
Fetched slot as: 0xb6fb54f86068 with attributes... (offset=4074,size=11
[       OK ] SlottedPageTest.CompactionTest (0 ms)
[----------] 1 test from SlottedPageTest (0 ms total)

[----------] Global test environment tear-down
[==========] 1 test from 1 test suite ran. (0 ms total)
[  PASSED  ] 1 test.
<end of output>
Test time =   0.00 sec
----------------------------------------------------------
Test Passed.
"SlottedPageTest.CompactionTest" end time: Apr 24 15:25 UTC
"SlottedPageTest.CompactionTest" time elapsed: 00:00:00
----------------------------------------------------------

11/16 Testing: SlottedPageTest.PageFullTest
11/16 Test: SlottedPageTest.PageFullTest
Command: "/home/isaac/database-internals/build/storage_tests" "--gtest_filter=SlottedPageTest.PageFullTest" "--gtest_also_run_disabled_tests"
Directory: /home/isaac/database-internals/build
"SlottedPageTest.PageFullTest" start time: Apr 24 15:25 UTC
Output:
----------------------------------------------------------
Running main() from /home/isaac/database-internals/build/_deps/googletest-src/googletest/src/gtest_main.cc
Note: Google Test filter = SlottedPageTest.PageFullTest
[==========] Running 1 test from 1 test suite.
[----------] Global test environment set-up.
[----------] 1 test from SlottedPageTest
[ RUN      ] SlottedPageTest.PageFullTest
[       OK ] SlottedPageTest.PageFullTest (0 ms)
[----------] 1 test from SlottedPageTest (0 ms total)

[----------] Global test environment tear-down
[==========] 1 test from 1 test suite ran. (0 ms total)
[  PASSED  ] 1 test.
<end of output>
Test time =   0.00 sec
----------------------------------------------------------
Test Passed.
"SlottedPageTest.PageFullTest" end time: Apr 24 15:25 UTC
"SlottedPageTest.PageFullTest" time elapsed: 00:00:00
----------------------------------------------------------

12/16 Testing: DiskManagerTest.ConstructorDestroysExistingFile
12/16 Test: DiskManagerTest.ConstructorDestroysExistingFile
Command: "/home/isaac/database-internals/build/storage_tests" "--gtest_filter=DiskManagerTest.ConstructorDestroysExistingFile" "--gtest_also_run_disabled_tests"
Directory: /home/isaac/database-internals/build
"DiskManagerTest.ConstructorDestroysExistingFile" start time: Apr 24 15:25 UTC
Output:
----------------------------------------------------------
Running main() from /home/isaac/database-internals/build/_deps/googletest-src/googletest/src/gtest_main.cc
Note: Google Test filter = DiskManagerTest.ConstructorDestroysExistingFile
[==========] Running 1 test from 1 test suite.
[----------] Global test environment set-up.
[----------] 1 test from DiskManagerTest
[ RUN      ] DiskManagerTest.ConstructorDestroysExistingFile
[EXPECTED ERROR CAUGHT]: File is too small to be a valid database!
[       OK ] DiskManagerTest.ConstructorDestroysExistingFile (0 ms)
[----------] 1 test from DiskManagerTest (0 ms total)

[----------] Global test environment tear-down
[==========] 1 test from 1 test suite ran. (0 ms total)
[  PASSED  ] 1 test.
<end of output>
Test time =   0.00 sec
----------------------------------------------------------
Test Passed.
"DiskManagerTest.ConstructorDestroysExistingFile" end time: Apr 24 15:25 UTC
"DiskManagerTest.ConstructorDestroysExistingFile" time elapsed: 00:00:00
----------------------------------------------------------

13/16 Testing: DiskManagerTest.InitializesNewFileCorrectly
13/16 Test: DiskManagerTest.InitializesNewFileCorrectly
Command: "/home/isaac/database-internals/build/storage_tests" "--gtest_filter=DiskManagerTest.InitializesNewFileCorrectly" "--gtest_also_run_disabled_tests"
Directory: /home/isaac/database-internals/build
"DiskManagerTest.InitializesNewFileCorrectly" start time: Apr 24 15:25 UTC
Output:
----------------------------------------------------------
Running main() from /home/isaac/database-internals/build/_deps/googletest-src/googletest/src/gtest_main.cc
Note: Google Test filter = DiskManagerTest.InitializesNewFileCorrectly
[==========] Running 1 test from 1 test suite.
[----------] Global test environment set-up.
[----------] 1 test from DiskManagerTest
[ RUN      ] DiskManagerTest.InitializesNewFileCorrectly
[       OK ] DiskManagerTest.InitializesNewFileCorrectly (27 ms)
[----------] 1 test from DiskManagerTest (27 ms total)

[----------] Global test environment tear-down
[==========] 1 test from 1 test suite ran. (27 ms total)
[  PASSED  ] 1 test.
<end of output>
Test time =   0.03 sec
----------------------------------------------------------
Test Passed.
"DiskManagerTest.InitializesNewFileCorrectly" end time: Apr 24 15:25 UTC
"DiskManagerTest.InitializesNewFileCorrectly" time elapsed: 00:00:00
----------------------------------------------------------

14/16 Testing: DiskManagerTest.StrictAllocationAndWriteTest
14/16 Test: DiskManagerTest.StrictAllocationAndWriteTest
Command: "/home/isaac/database-internals/build/storage_tests" "--gtest_filter=DiskManagerTest.StrictAllocationAndWriteTest" "--gtest_also_run_disabled_tests"
Directory: /home/isaac/database-internals/build
"DiskManagerTest.StrictAllocationAndWriteTest" start time: Apr 24 15:25 UTC
Output:
----------------------------------------------------------
Running main() from /home/isaac/database-internals/build/_deps/googletest-src/googletest/src/gtest_main.cc
Note: Google Test filter = DiskManagerTest.StrictAllocationAndWriteTest
[==========] Running 1 test from 1 test suite.
[----------] Global test environment set-up.
[----------] 1 test from DiskManagerTest
[ RUN      ] DiskManagerTest.StrictAllocationAndWriteTest
[       OK ] DiskManagerTest.StrictAllocationAndWriteTest (54 ms)
[----------] 1 test from DiskManagerTest (54 ms total)

[----------] Global test environment tear-down
[==========] 1 test from 1 test suite ran. (54 ms total)
[  PASSED  ] 1 test.
<end of output>
Test time =   0.06 sec
----------------------------------------------------------
Test Passed.
"DiskManagerTest.StrictAllocationAndWriteTest" end time: Apr 24 15:25 UTC
"DiskManagerTest.StrictAllocationAndWriteTest" time elapsed: 00:00:00
----------------------------------------------------------

15/16 Testing: DiskManagerTest.DeallocateAndReallocate
15/16 Test: DiskManagerTest.DeallocateAndReallocate
Command: "/home/isaac/database-internals/build/storage_tests" "--gtest_filter=DiskManagerTest.DeallocateAndReallocate" "--gtest_also_run_disabled_tests"
Directory: /home/isaac/database-internals/build
"DiskManagerTest.DeallocateAndReallocate" start time: Apr 24 15:25 UTC
Output:
----------------------------------------------------------
Running main() from /home/isaac/database-internals/build/_deps/googletest-src/googletest/src/gtest_main.cc
Note: Google Test filter = DiskManagerTest.DeallocateAndReallocate
[==========] Running 1 test from 1 test suite.
[----------] Global test environment set-up.
[----------] 1 test from DiskManagerTest
[ RUN      ] DiskManagerTest.DeallocateAndReallocate
[       OK ] DiskManagerTest.DeallocateAndReallocate (41 ms)
[----------] 1 test from DiskManagerTest (41 ms total)

[----------] Global test environment tear-down
[==========] 1 test from 1 test suite ran. (41 ms total)
[  PASSED  ] 1 test.
<end of output>
Test time =   0.04 sec
----------------------------------------------------------
Test Passed.
"DiskManagerTest.DeallocateAndReallocate" end time: Apr 24 15:25 UTC
"DiskManagerTest.DeallocateAndReallocate" time elapsed: 00:00:00
----------------------------------------------------------

16/16 Testing: DiskManagerTest.ReadOutOfBounds
16/16 Test: DiskManagerTest.ReadOutOfBounds
Command: "/home/isaac/database-internals/build/storage_tests" "--gtest_filter=DiskManagerTest.ReadOutOfBounds" "--gtest_also_run_disabled_tests"
Directory: /home/isaac/database-internals/build
"DiskManagerTest.ReadOutOfBounds" start time: Apr 24 15:25 UTC
Output:
----------------------------------------------------------
Running main() from /home/isaac/database-internals/build/_deps/googletest-src/googletest/src/gtest_main.cc
Note: Google Test filter = DiskManagerTest.ReadOutOfBounds
[==========] Running 1 test from 1 test suite.
[----------] Global test environment set-up.
[----------] 1 test from DiskManagerTest
[ RUN      ] DiskManagerTest.ReadOutOfBounds
[       OK ] DiskManagerTest.ReadOutOfBounds (8 ms)
[----------] 1 test from DiskManagerTest (8 ms total)

[----------] Global test environment tear-down
[==========] 1 test from 1 test suite ran. (8 ms total)
[  PASSED  ] 1 test.
<end of output>
Test time =   0.01 sec
----------------------------------------------------------
Test Passed.
"DiskManagerTest.ReadOutOfBounds" end time: Apr 24 15:25 UTC
"DiskManagerTest.ReadOutOfBounds" time elapsed: 00:00:00
----------------------------------------------------------

End testing: Apr 24 15:25 UTC
